app/build/intermediates/manifest_merge_blame_file/debug/manifest-merger-blame-debug-report.txt
1<?xml version="1.0" encoding="utf-8"?>
2<manifest xmlns:android="http://schemas.android.com/apk/res/android"
3    package="com.example.mislugares"
4    android:versionCode="1"
5    android:versionName="1.0" >
6
7    <uses-sdk
8        android:minSdkVersion="23"
8-->src/main/AndroidManifest.xml
9        android:targetSdkVersion="29" />
9-->src/main/AndroidManifest.xml
10
11    <!--
12         The ACCESS_COARSE/FINE_LOCATION permissions are not required to use
13         Google Maps Android API v2, but you must specify either coarse or fine
14         location permissions for the 'MyLocation' functionality.
15    -->
16    <uses-permission android:name="android.permission.ACCESS_FINE_LOCATION" />
16-->src/main/AndroidManifest.xml:10:5-78
16-->src/main/AndroidManifest.xml:10:22-76
17
18    <!-- Permiso de la app -->
19    <!-- Permiso para comprobar internet -->
20    <uses-permission android:name="android.permission.INTERNET" />
20-->src/main/AndroidManifest.xml:14:5-66
20-->src/main/AndroidManifest.xml:14:22-64
21    <uses-permission android:name="android.permission.ACCESS_NETWORK_STATE" />
21-->src/main/AndroidManifest.xml:15:5-78
21-->src/main/AndroidManifest.xml:15:22-76
22    <uses-permission android:name="android.permission.READ_EXTERNAL_STORAGE" />
22-->src/main/AndroidManifest.xml:16:5-79
22-->src/main/AndroidManifest.xml:16:22-77
23    <uses-permission android:name="android.permission.WRITE_EXTERNAL_STORAGE" />
23-->src/main/AndroidManifest.xml:17:5-80
23-->src/main/AndroidManifest.xml:17:22-78
24    <uses-permission android:name="android.permission.CAMERA" />
24-->src/main/AndroidManifest.xml:18:5-64
24-->src/main/AndroidManifest.xml:18:22-62
25
26    <uses-feature
26-->[com.google.android.gms:play-services-maps:17.0.0] AndroidManifest.xml:26:5-28:35
27        android:glEsVersion="0x00020000"
27-->[com.google.android.gms:play-services-maps:17.0.0] AndroidManifest.xml:27:9-41
28        android:required="true" />
28-->[com.google.android.gms:play-services-maps:17.0.0] AndroidManifest.xml:28:9-32
29    <!--
30 Esto es importante porque si no falla el RSS, cosas del android 9
31    android:usesCleartextTraffic="true" al no tener la conexión a internet permitoda
32    -->
33    <application
33-->src/main/AndroidManifest.xml:24:5-63:19
34        android:allowBackup="true"
34-->src/main/AndroidManifest.xml:25:13-39
35        android:appComponentFactory="androidx.core.app.CoreComponentFactory"
35-->[androidx.core:core:1.1.0] AndroidManifest.xml:24:18-86
36        android:debuggable="true"
37        android:icon="@mipmap/ic_launcher"
37-->src/main/AndroidManifest.xml:26:13-47
38        android:label="@string/app_name"
38-->src/main/AndroidManifest.xml:28:13-45
39        android:roundIcon="@mipmap/ic_launcher_round"
39-->src/main/AndroidManifest.xml:29:13-58
40        android:supportsRtl="true"
40-->src/main/AndroidManifest.xml:30:13-39
41        android:testOnly="true"
42        android:theme="@style/AppTheme"
42-->src/main/AndroidManifest.xml:31:13-44
43        android:usesCleartextTraffic="true" >
43-->src/main/AndroidManifest.xml:27:13-48
44
45        <!--
46             The API key for Google Maps-based APIs is defined as a string resource.
47             (See the file "res/values/google_maps_api.xml").
48             Note that the API key is linked to the encryption key used to sign the APK.
49             You need a different API key for each encryption key, including the release key that is used to
50             sign the APK for publishing.
51             You can define the keys for the debug and release targets in src/debug/ and src/release/.
52        -->
53        <meta-data
53-->src/main/AndroidManifest.xml:41:9-43:58
54            android:name="com.google.android.geo.API_KEY"
54-->src/main/AndroidManifest.xml:42:17-62
55            android:value="@string/google_maps_key" />
55-->src/main/AndroidManifest.xml:43:17-56
56
57        <!-- Ponemos de comienzo la actividad Splash que llama a la main -->
58        <activity android:name="com.example.mislugares.SplashActivity" >
58-->src/main/AndroidManifest.xml:46:9-52:20
58-->src/main/AndroidManifest.xml:46:19-49
59            <intent-filter>
59-->src/main/AndroidManifest.xml:47:13-51:29
60                <action android:name="android.intent.action.MAIN" />
60-->src/main/AndroidManifest.xml:48:17-68
60-->src/main/AndroidManifest.xml:48:25-66
61
62                <category android:name="android.intent.category.LAUNCHER" />
62-->src/main/AndroidManifest.xml:50:17-76
62-->src/main/AndroidManifest.xml:50:27-74
63            </intent-filter>
64        </activity> <!-- Actividad Main -->
65        <activity
65-->src/main/AndroidManifest.xml:53:9-62:20
66            android:name="com.example.mislugares.MainActivity"
66-->src/main/AndroidManifest.xml:54:17-45
67            android:label="@string/app_name"
67-->src/main/AndroidManifest.xml:55:17-49
68            android:theme="@style/AppTheme.NoActionBar" >
68-->src/main/AndroidManifest.xml:56:17-60
69            <intent-filter>
69-->src/main/AndroidManifest.xml:47:13-51:29
70                <action android:name="android.intent.action.MAIN" />
70-->src/main/AndroidManifest.xml:48:17-68
70-->src/main/AndroidManifest.xml:48:25-66
71
72                <category android:name="android.intent.category.LAUNCHER" />
72-->src/main/AndroidManifest.xml:50:17-76
72-->src/main/AndroidManifest.xml:50:27-74
73            </intent-filter>
74        </activity>
75        <activity
75-->[com.karumi:dexter:6.0.0] AndroidManifest.xml:27:9-29:72
76            android:name="com.karumi.dexter.DexterActivity"
76-->[com.karumi:dexter:6.0.0] AndroidManifest.xml:28:13-60
77            android:theme="@style/Dexter.Internal.Theme.Transparent" />
77-->[com.karumi:dexter:6.0.0] AndroidManifest.xml:29:13-69
78
79        <provider
79-->[com.squareup.picasso:picasso:2.71828] AndroidManifest.xml:8:9-11:40
80            android:name="com.squareup.picasso.PicassoProvider"
80-->[com.squareup.picasso:picasso:2.71828] AndroidManifest.xml:9:13-64
81            android:authorities="com.example.mislugares.com.squareup.picasso"
81-->[com.squareup.picasso:picasso:2.71828] AndroidManifest.xml:10:13-72
82            android:exported="false" /> <!-- Needs to be explicitly declared on P+ -->
82-->[com.squareup.picasso:picasso:2.71828] AndroidManifest.xml:11:13-37
83        <uses-library
83-->[com.google.android.gms:play-services-maps:17.0.0] AndroidManifest.xml:33:9-35:40
84            android:name="org.apache.http.legacy"
84-->[com.google.android.gms:play-services-maps:17.0.0] AndroidManifest.xml:34:13-50
85            android:required="false" />
85-->[com.google.android.gms:play-services-maps:17.0.0] AndroidManifest.xml:35:13-37
86
87        <activity
87-->[com.google.android.gms:play-services-base:17.0.0] AndroidManifest.xml:23:9-26:75
88            android:name="com.google.android.gms.common.api.GoogleApiActivity"
88-->[com.google.android.gms:play-services-base:17.0.0] AndroidManifest.xml:24:13-79
89            android:exported="false"
89-->[com.google.android.gms:play-services-base:17.0.0] AndroidManifest.xml:25:13-37
90            android:theme="@android:style/Theme.Translucent.NoTitleBar" />
90-->[com.google.android.gms:play-services-base:17.0.0] AndroidManifest.xml:26:13-72
91
92        <meta-data
92-->[com.google.android.gms:play-services-basement:17.0.0] AndroidManifest.xml:23:9-25:69
93            android:name="com.google.android.gms.version"
93-->[com.google.android.gms:play-services-basement:17.0.0] AndroidManifest.xml:24:13-58
94            android:value="@integer/google_play_services_version" />
94-->[com.google.android.gms:play-services-basement:17.0.0] AndroidManifest.xml:25:13-66
95
96        <provider
96-->[androidx.lifecycle:lifecycle-process:2.1.0] AndroidManifest.xml:23:9-27:43
97            android:name="androidx.lifecycle.ProcessLifecycleOwnerInitializer"
97-->[androidx.lifecycle:lifecycle-process:2.1.0] AndroidManifest.xml:24:13-79
98            android:authorities="com.example.mislugares.lifecycle-process"
98-->[androidx.lifecycle:lifecycle-process:2.1.0] AndroidManifest.xml:25:13-69
99            android:exported="false"
99-->[androidx.lifecycle:lifecycle-process:2.1.0] AndroidManifest.xml:26:13-37
100            android:multiprocess="true" />
100-->[androidx.lifecycle:lifecycle-process:2.1.0] AndroidManifest.xml:27:13-40
101    </application>
102
103</manifest>